{
  "RSpec": {
    "coverage": {
      "/sispict/app/controllers/backoffice/bolsas_controller.rb": [
        null,
        null,
        1,
        1,
        1,
        null,
        1,
        1,
        null,
        null,
        1,
        null,
        1,
        0,
        null,
        null,
        1,
        null,
        1,
        3,
        null,
        3,
        3,
        4,
        null,
        2,
        null,
        null,
        null,
        null,
        1,
        3,
        3,
        4,
        null,
        2,
        null,
        null,
        null,
        null,
        null,
        null,
        1,
        2,
        2,
        4,
        null,
        null,
        null,
        1,
        null,
        null,
        1,
        7,
        null,
        null,
        null,
        1,
        6,
        null,
        null,
        null
      ],
      "/sispict/app/controllers/admin_application.rb": [
        null,
        null,
        1,
        1,
        1,
        1,
        1,
        null,
        1,
        null,
        1,
        null,
        1,
        null,
        1,
        0,
        0,
        null,
        null
      ],
      "/sispict/app/controllers/backoffice/editais_controller.rb": [
        null,
        null,
        1,
        1,
        1,
        1,
        null,
        1,
        1,
        null,
        1,
        0,
        null,
        1,
        null,
        null,
        null,
        1,
        null,
        1,
        0,
        0,
        0,
        null,
        null,
        1,
        1,
        null,
        null,
        1,
        3,
        3,
        null,
        3,
        3,
        4,
        null,
        2,
        null,
        null,
        null,
        null,
        1,
        3,
        3,
        3,
        4,
        null,
        2,
        null,
        null,
        null,
        null,
        1,
        2,
        2,
        2,
        4,
        null,
        null,
        null,
        1,
        7,
        null,
        null,
        1,
        null,
        1,
        7,
        null,
        null,
        1,
        6,
        null,
        null,
        null,
        null,
        null,
        null,
        null,
        null,
        null
      ],
      "/sispict/app/controllers/backoffice/inscricoes_controller.rb": [
        null,
        null,
        1,
        1,
        1,
        1,
        1,
        1,
        null,
        1,
        0,
        0,
        null,
        0,
        0,
        null,
        null,
        null,
        1,
        1,
        null,
        null,
        1,
        0,
        0,
        0,
        0,
        0,
        null,
        null,
        1,
        null,
        1,
        2,
        2,
        null,
        2,
        2,
        4,
        null,
        0,
        null,
        null,
        null,
        null,
        1,
        0,
        0,
        0,
        null,
        0,
        null,
        null,
        null,
        null,
        1,
        2,
        2,
        4,
        null,
        null,
        null,
        1,
        0,
        null,
        null,
        1,
        3,
        null,
        null,
        1,
        null,
        1,
        4,
        null,
        null,
        1,
        6,
        null,
        null,
        1,
        3,
        null,
        null,
        1,
        1,
        null,
        null,
        1,
        0,
        null,
        null,
        1,
        0,
        0,
        null,
        0,
        null,
        null,
        1,
        2,
        null,
        null,
        null,
        null,
        null,
        null,
        null,
        null
      ],
      "/sispict/app/controllers/backoffice/laboratorios_controller.rb": [
        null,
        null,
        1,
        1,
        1,
        1,
        1,
        null,
        1,
        1,
        1,
        null,
        null,
        1,
        1,
        null,
        null,
        1,
        1,
        1,
        null,
        null,
        1,
        null,
        1,
        3,
        3,
        null,
        3,
        3,
        4,
        null,
        2,
        null,
        null,
        null,
        null,
        1,
        3,
        3,
        3,
        4,
        null,
        2,
        null,
        null,
        null,
        null,
        1,
        2,
        2,
        2,
        4,
        null,
        null,
        null,
        1,
        null,
        null,
        1,
        7,
        null,
        null,
        1,
        12,
        null,
        null,
        null,
        1,
        6,
        null,
        null,
        null
      ],
      "/sispict/app/controllers/backoffice/predios_controller.rb": [
        null,
        null,
        1,
        1,
        1,
        1,
        null,
        1,
        1,
        null,
        null,
        1,
        null,
        1,
        0,
        0,
        null,
        null,
        1,
        1,
        null,
        null,
        1,
        3,
        3,
        null,
        3,
        3,
        4,
        null,
        2,
        null,
        null,
        null,
        null,
        1,
        3,
        3,
        3,
        4,
        null,
        2,
        null,
        null,
        null,
        null,
        1,
        2,
        2,
        2,
        4,
        2,
        null,
        null,
        null,
        1,
        null,
        1,
        7,
        null,
        null,
        1,
        6,
        null,
        null,
        null
      ],
      "/sispict/app/controllers/backoffice/projetos_controller.rb": [
        null,
        null,
        1,
        1,
        1,
        1,
        1,
        null,
        1,
        1,
        null,
        null,
        1,
        null,
        1,
        0,
        0,
        null,
        null,
        1,
        null,
        1,
        3,
        null,
        3,
        3,
        4,
        null,
        2,
        null,
        null,
        null,
        null,
        1,
        3,
        3,
        4,
        null,
        2,
        null,
        null,
        null,
        null,
        1,
        2,
        2,
        4,
        2,
        null,
        null,
        null,
        1,
        null,
        1,
        7,
        null,
        null,
        1,
        11,
        null,
        null,
        1,
        6,
        null,
        null,
        null
      ],
      "/sispict/app/controllers/backoffice/usuarios_controller.rb": [
        null,
        null,
        1,
        1,
        1,
        null,
        1,
        1,
        1,
        null,
        null,
        1,
        null,
        1,
        1,
        1,
        1,
        1,
        null,
        null,
        1,
        1,
        1,
        1,
        null,
        1,
        0,
        0,
        0,
        0,
        null,
        0,
        null,
        null,
        null,
        1,
        null,
        1,
        0,
        0,
        null,
        null,
        null,
        1,
        0,
        0,
        0,
        0,
        null,
        null,
        null,
        1,
        0,
        null,
        null,
        null,
        null,
        null,
        null,
        null,
        null,
        null,
        1,
        3,
        null,
        null,
        null
      ],
      "/sispict/app/controllers/site/home_controller.rb": [
        null,
        null,
        1,
        1,
        1,
        null,
        1,
        null,
        null
      ],
      "/sispict/app/controllers/application_controller.rb": [
        null,
        null,
        1,
        1,
        null,
        1,
        null,
        1,
        null,
        1,
        null,
        1,
        0,
        0,
        null,
        null,
        null,
        null,
        0,
        0,
        null,
        null,
        null,
        null,
        null,
        null,
        null,
        null,
        null,
        1,
        0,
        0,
        null,
        0,
        null,
        null,
        null
      ],
      "/sispict/app/models/bolsa.rb": [
        null,
        null,
        1,
        1,
        1,
        null,
        1,
        null
      ],
      "/sispict/app/models/cpf.rb": [
        null,
        null,
        1,
        1,
        1,
        null,
        1,
        194,
        null,
        null
      ],
      "/sispict/app/models/curriculo.rb": [
        null,
        null,
        1,
        1,
        1,
        null
      ],
      "/sispict/app/models/declaracao_de_vinculo.rb": [
        null,
        null,
        1,
        1,
        1,
        1,
        null
      ],
      "/sispict/app/uploaders/declaracao_de_vinculo_uploader.rb": [
        null,
        null,
        1,
        null,
        null,
        null,
        null,
        null,
        1,
        null,
        null,
        null,
        null,
        1,
        0,
        null,
        null,
        null,
        null,
        null,
        null,
        null,
        null,
        null,
        null,
        null,
        null,
        null,
        null,
        null,
        null,
        null,
        null,
        null,
        null,
        null,
        null,
        null,
        null,
        null,
        1,
        3,
        null,
        null,
        null,
        null,
        null,
        null,
        null,
        null
      ],
      "/sispict/app/models/edital.rb": [
        null,
        null,
        1,
        1,
        null,
        1,
        null,
        1,
        1,
        null,
        2,
        null,
        1,
        1,
        1,
        null,
        1,
        null,
        1,
        null,
        1,
        2,
        8,
        null,
        null,
        null,
        1,
        null,
        1,
        46,
        null,
        null,
        1,
        52,
        52,
        null,
        null,
        1,
        52,
        4,
        null,
        48,
        null,
        null,
        null
      ],
      "/sispict/app/uploaders/edital_uploader.rb": [
        null,
        null,
        1,
        null,
        null,
        null,
        null,
        null,
        1,
        null,
        null,
        null,
        null,
        1,
        53,
        null,
        null,
        null,
        null,
        null,
        null,
        null,
        null,
        null,
        null,
        null,
        null,
        null,
        null,
        null,
        null,
        null,
        null,
        null,
        null,
        null,
        null,
        null,
        null,
        1,
        100,
        null,
        null,
        null,
        null,
        1,
        138,
        null,
        null
      ],
      "/sispict/app/models/extrato.rb": [
        null,
        null,
        1,
        1,
        1,
        1,
        null
      ],
      "/sispict/app/uploaders/extrato_uploader.rb": [
        null,
        null,
        1,
        null,
        null,
        null,
        null,
        null,
        1,
        null,
        null,
        null,
        null,
        1,
        0,
        null,
        null,
        null,
        null,
        null,
        null,
        null,
        null,
        null,
        null,
        null,
        null,
        null,
        null,
        null,
        null,
        null,
        null,
        null,
        null,
        null,
        null,
        null,
        null,
        1,
        3,
        null,
        null,
        null,
        null,
        null,
        null,
        null,
        null
      ],
      "/sispict/app/models/ficha_cadastral.rb": [
        null,
        null,
        1,
        1,
        1,
        1,
        null
      ],
      "/sispict/app/uploaders/ficha_cadastral_uploader.rb": [
        null,
        null,
        1,
        null,
        null,
        null,
        null,
        null,
        1,
        null,
        null,
        null,
        null,
        1,
        0,
        null,
        null,
        null,
        null,
        null,
        null,
        null,
        null,
        null,
        null,
        null,
        null,
        null,
        null,
        null,
        null,
        null,
        null,
        null,
        null,
        null,
        null,
        null,
        null,
        1,
        3,
        null,
        null,
        null,
        null,
        null,
        null,
        null,
        null
      ],
      "/sispict/app/models/identidade.rb": [
        null,
        null,
        1,
        1,
        1,
        null
      ],
      "/sispict/app/models/inscricao.rb": [
        null,
        null,
        1,
        1,
        1,
        1,
        1,
        null,
        1,
        1,
        1,
        null,
        1,
        null,
        1,
        1,
        1,
        1,
        null,
        1,
        2,
        null,
        1,
        0,
        0,
        0,
        null,
        null,
        1,
        0,
        null,
        null
      ],
      "/sispict/app/models/laboratorio.rb": [
        null,
        null,
        1,
        1,
        null,
        1,
        1,
        null
      ],
      "/sispict/app/models/plano_de_trabalho.rb": [
        null,
        null,
        1,
        1,
        1,
        null
      ],
      "/sispict/app/models/predio.rb": [
        null,
        null,
        1,
        1,
        null,
        1,
        null
      ],
      "/sispict/app/models/produtividade.rb": [
        null,
        null,
        1,
        1,
        1,
        null
      ],
      "/sispict/app/models/projeto.rb": [
        null,
        null,
        1,
        1,
        null
      ],
      "/sispict/app/policies/edital_policy.rb": [
        null,
        null,
        1,
        1,
        1,
        0,
        null,
        null,
        null,
        1,
        0,
        null,
        null,
        1,
        6,
        null,
        null,
        1,
        9,
        null,
        null,
        1,
        0,
        null,
        null,
        1,
        7,
        null,
        null,
        1,
        3,
        null,
        null,
        1,
        8,
        null,
        null
      ],
      "/sispict/app/policies/application_policy.rb": [
        null,
        null,
        1,
        1,
        null,
        1,
        140,
        140,
        null,
        null,
        1,
        0,
        null,
        null,
        1,
        0,
        null,
        null,
        1,
        0,
        null,
        null,
        1,
        0,
        null,
        null,
        1,
        0,
        null,
        null,
        1,
        0,
        null,
        null,
        1,
        0,
        null,
        null,
        1,
        0,
        null,
        null,
        1,
        1,
        null,
        1,
        0,
        0,
        null,
        null,
        1,
        0,
        null,
        null,
        null
      ],
      "/sispict/app/policies/inscricao_policy.rb": [
        null,
        null,
        1,
        1,
        1,
        0,
        null,
        null,
        null,
        1,
        0,
        null,
        null,
        1,
        0,
        null,
        null
      ],
      "/sispict/app/policies/laboratorio_policy.rb": [
        null,
        null,
        1,
        1,
        7,
        null,
        null,
        1,
        7,
        null,
        null,
        1,
        9,
        null,
        null,
        1,
        7,
        null,
        null,
        1,
        6,
        null,
        null,
        1,
        3,
        null,
        null,
        1,
        8,
        null,
        null
      ],
      "/sispict/app/policies/predio_policy.rb": [
        null,
        null,
        1,
        1,
        null,
        1,
        6,
        null,
        null,
        1,
        9,
        null,
        null,
        1,
        7,
        null,
        null,
        1,
        3,
        null,
        null,
        1,
        8,
        null,
        null
      ],
      "/sispict/app/policies/usuario_policy.rb": [
        null,
        null,
        1,
        1,
        7,
        null,
        null,
        1,
        7,
        null,
        null,
        1,
        6,
        null,
        null,
        1,
        7,
        null,
        null
      ],
      "/sispict/app/uploaders/cpf_uploader.rb": [
        null,
        null,
        1,
        null,
        null,
        null,
        null,
        null,
        1,
        null,
        null,
        null,
        null,
        1,
        0,
        null,
        null,
        null,
        null,
        null,
        null,
        null,
        null,
        null,
        null,
        null,
        null,
        null,
        null,
        null,
        null,
        null,
        null,
        null,
        null,
        null,
        null,
        null,
        null,
        1,
        3,
        null,
        null,
        null,
        null,
        null,
        null,
        null,
        null
      ],
      "/sispict/app/uploaders/curriculo_uploader.rb": [
        null,
        null,
        1,
        null,
        null,
        null,
        null,
        null,
        1,
        null,
        null,
        null,
        null,
        1,
        0,
        null,
        null,
        null,
        null,
        null,
        null,
        null,
        null,
        null,
        null,
        null,
        null,
        null,
        null,
        null,
        null,
        null,
        null,
        null,
        null,
        null,
        null,
        null,
        null,
        1,
        3,
        null,
        null,
        null,
        null,
        null,
        null,
        null,
        null
      ],
      "/sispict/app/uploaders/identidade_uploader.rb": [
        null,
        null,
        1,
        null,
        null,
        null,
        null,
        null,
        1,
        null,
        null,
        null,
        null,
        1,
        0,
        null,
        null,
        null,
        null,
        null,
        null,
        null,
        null,
        null,
        null,
        null,
        null,
        null,
        null,
        null,
        null,
        null,
        null,
        null,
        null,
        null,
        null,
        null,
        null,
        1,
        3,
        null,
        null,
        null,
        null,
        null,
        null,
        null,
        null
      ],
      "/sispict/app/uploaders/plano_de_trabalho_uploader.rb": [
        null,
        null,
        1,
        null,
        null,
        null,
        null,
        null,
        1,
        null,
        null,
        null,
        null,
        1,
        0,
        null,
        null,
        null,
        null,
        null,
        null,
        null,
        null,
        null,
        null,
        null,
        null,
        null,
        null,
        null,
        null,
        null,
        null,
        null,
        null,
        null,
        null,
        null,
        null,
        1,
        3,
        null,
        null,
        null,
        null,
        null,
        null,
        null,
        null
      ],
      "/sispict/app/uploaders/produtividade_uploader.rb": [
        null,
        null,
        1,
        null,
        null,
        null,
        null,
        null,
        1,
        null,
        null,
        null,
        null,
        1,
        0,
        null,
        null,
        null,
        null,
        null,
        null,
        null,
        null,
        null,
        null,
        null,
        null,
        null,
        null,
        null,
        null,
        null,
        null,
        null,
        null,
        null,
        null,
        null,
        null,
        1,
        0,
        null,
        null,
        null,
        null,
        null,
        null,
        null,
        null
      ],
      "/sispict/app/models/role.rb": [
        null,
        null,
        1,
        1,
        1,
        null,
        1,
        1,
        null,
        null,
        1,
        null,
        null,
        null,
        1,
        null,
        null,
        null,
        1,
        1,
        null
      ],
      "/sispict/app/channels/application_cable/channel.rb": [
        null,
        null,
        0,
        0,
        0,
        0
      ],
      "/sispict/app/channels/application_cable/connection.rb": [
        null,
        null,
        0,
        0,
        0,
        0
      ],
      "/sispict/app/mailers/application_mailer.rb": [
        null,
        null,
        0,
        0,
        0,
        0
      ],
      "/sispict/app/jobs/application_job.rb": [
        null,
        null,
        0,
        0
      ],
      "/sispict/app/controllers/backoffice/dashboard_controller.rb": [
        null,
        null,
        0,
        0,
        0,
        0,
        0,
        0,
        0
      ],
      "/sispict/app/controllers/registrations_controller.rb": [
        null,
        null,
        0,
        0,
        0,
        null,
        0,
        0,
        0,
        0,
        0,
        0,
        0,
        0,
        0,
        0,
        0,
        null,
        0,
        null,
        0,
        0,
        0,
        0,
        0,
        null,
        0,
        0,
        0,
        0,
        0,
        null,
        0,
        0,
        0,
        0,
        0,
        0
      ],
      "/sispict/app/models/application_record.rb": [
        null,
        null,
        0,
        0,
        0
      ],
      "/sispict/app/models/usuario.rb": [
        null,
        null,
        0,
        0,
        0,
        0,
        0,
        0,
        0,
        null,
        0,
        0,
        0,
        0,
        0,
        null,
        0,
        null,
        0,
        null,
        0,
        0,
        null,
        0,
        null,
        0,
        0,
        0,
        null,
        0,
        0,
        0,
        null,
        0,
        0,
        0,
        0
      ],
      "/sispict/app/helpers/bolsas_helper.rb": [
        null,
        null,
        0,
        0
      ],
      "/sispict/app/helpers/application_helper.rb": [
        null,
        null,
        0,
        0,
        0,
        0,
        0,
        0,
        0,
        0,
        null,
        0,
        0,
        0,
        0,
        0,
        0,
        0,
        0,
        0
      ],
      "/sispict/app/helpers/devise_helper.rb": [
        null,
        null,
        0,
        0,
        0,
        0,
        null,
        0,
        0,
        0,
        null,
        0,
        0,
        0,
        null,
        0,
        0,
        null,
        0,
        0,
        0,
        0,
        null,
        0,
        0,
        null,
        0,
        0,
        0
      ],
      "/sispict/app/helpers/backoffice/dashboard_helper.rb": [
        null,
        null,
        0,
        0,
        0,
        0
      ],
      "/sispict/app/helpers/site/home_helper.rb": [
        null,
        null,
        0,
        0,
        0,
        0
      ],
      "/sispict/app/helpers/usuarios_helper.rb": [
        null,
        null,
        0,
        0,
        null,
        0,
        0,
        0,
        0,
        0,
        0
      ],
      "/sispict/app/helpers/inscricoes_helper.rb": [
        null,
        null,
        0,
        0,
        0,
        0,
        0
      ],
      "/sispict/app/helpers/editais_helper.rb": [
        null,
        null,
        0,
        0,
        0,
        0,
        null,
        0,
        0,
        0,
        0,
        0,
        0,
        0,
        null,
        0,
        0,
        0,
        0,
        0,
        0,
        0,
        null,
        0,
        0,
        0,
        0,
        0,
        0,
        0,
        null,
        0,
        0,
        0,
        0,
        0,
        0,
        0,
        0
      ],
      "/sispict/lib/custom_failure.rb": [
        null,
        null,
        0,
        0,
        0,
        0,
        null,
        0,
        0,
        0,
        0,
        0,
        0,
        0,
        0
      ]
    },
    "timestamp": 1519353229
  }
}
